--------------- Build Started: 06/11/2021 00:12:17 Project: usb-fatfs-flash-usbfs, Configuration: ARM GCC 5.4-2016-q2-update Debug ---------------
The code generation step is up to date.
arm-none-eabi-gcc.exe -mcpu=cortex-m3 -mthumb -I. -IGenerated_Source\PSoC5 -Wa,-alh=.\CortexM3\ARM_GCC_541\Debug/main.lst -g -D DEBUG -D CY_CORE_ID=0 -Wall -ffunction-sections -ffat-lto-objects -Og -c main.c -o .\CortexM3\ARM_GCC_541\Debug\main.o
In file included from main.c:17:0:
USBFS_msc_cust.h:83:0: warning: "USBFS_MSC_GET_MAX_LUN" redefined
 #define USBFS_MSC_GET_MAX_LUN     0xFE
 ^
In file included from Generated_Source\PSoC5/USBFS_pvt.h:35:0,
                 from Generated_Source\PSoC5/project.h:41,
                 from main.c:14:
Generated_Source\PSoC5/USBFS_msc.h:52:0: note: this is the location of the previous definition
 #define USBFS_MSC_GET_MAX_LUN    (0xFEu)
 ^
main.c: In function 'main':
main.c:55:11: warning: variable 'resultF' set but not used [-Wunused-but-set-variable]
     uint8 resultF;
           ^
main.c:52:9: warning: unused variable 'fileO' [-Wunused-variable]
     FIL fileO;
         ^
arm-none-eabi-ar.exe -rs .\CortexM3\ARM_GCC_541\Debug\usb-fatfs-flash-usbfs.a .\CortexM3\ARM_GCC_541\Debug\CyDmac.o .\CortexM3\ARM_GCC_541\Debug\CyFlash.o .\CortexM3\ARM_GCC_541\Debug\CyLib.o .\CortexM3\ARM_GCC_541\Debug\cyPm.o .\CortexM3\ARM_GCC_541\Debug\CySpc.o .\CortexM3\ARM_GCC_541\Debug\cyutils.o .\CortexM3\ARM_GCC_541\Debug\cy_em_eeprom.o .\CortexM3\ARM_GCC_541\Debug\miso.o .\CortexM3\ARM_GCC_541\Debug\SPIM_1.o .\CortexM3\ARM_GCC_541\Debug\SPIM_1_PM.o .\CortexM3\ARM_GCC_541\Debug\SPIM_1_INT.o .\CortexM3\ARM_GCC_541\Debug\sclk.o .\CortexM3\ARM_GCC_541\Debug\mosi.o .\CortexM3\ARM_GCC_541\Debug\SPIM_1_IntClock.o .\CortexM3\ARM_GCC_541\Debug\hold.o .\CortexM3\ARM_GCC_541\Debug\wp.o .\CortexM3\ARM_GCC_541\Debug\cs.o .\CortexM3\ARM_GCC_541\Debug\USBFS.o .\CortexM3\ARM_GCC_541\Debug\USBFS_audio.o .\CortexM3\ARM_GCC_541\Debug\USBFS_boot.o .\CortexM3\ARM_GCC_541\Debug\USBFS_cdc.o .\CortexM3\ARM_GCC_541\Debug\USBFS_cls.o .\CortexM3\ARM_GCC_541\Debug\USBFS_descr.o .\CortexM3\ARM_GCC_541\Debug\USBFS_drv.o .\CortexM3\ARM_GCC_541\Debug\USBFS_episr.o .\CortexM3\ARM_GCC_541\Debug\USBFS_hid.o .\CortexM3\ARM_GCC_541\Debug\USBFS_pm.o .\CortexM3\ARM_GCC_541\Debug\USBFS_std.o .\CortexM3\ARM_GCC_541\Debug\USBFS_vnd.o .\CortexM3\ARM_GCC_541\Debug\USBFS_midi.o .\CortexM3\ARM_GCC_541\Debug\USBFS_msc.o .\CortexM3\ARM_GCC_541\Debug\USBFS_Dm.o .\CortexM3\ARM_GCC_541\Debug\USBFS_Dp.o .\CortexM3\ARM_GCC_541\Debug\CyBootAsmGnu.o
arm-none-eabi-ar.exe: creating .\CortexM3\ARM_GCC_541\Debug\usb-fatfs-flash-usbfs.a
arm-none-eabi-gcc.exe -Wl,--start-group -o "C:\Users\linar\OneDrive\Documents\PSoC Creator\psocRandomWorkspace\usb-fatfs-flash-usbfs.cydsn\CortexM3\ARM_GCC_541\Debug\usb-fatfs-flash-usbfs.elf" .\CortexM3\ARM_GCC_541\Debug\main.o .\CortexM3\ARM_GCC_541\Debug\flash.o .\CortexM3\ARM_GCC_541\Debug\diskio.o .\CortexM3\ARM_GCC_541\Debug\ff.o .\CortexM3\ARM_GCC_541\Debug\USBFS_msc_cust.o .\CortexM3\ARM_GCC_541\Debug\USBFS_SCSI_operations.o .\CortexM3\ARM_GCC_541\Debug\cyfitter_cfg.o .\CortexM3\ARM_GCC_541\Debug\cymetadata.o .\CortexM3\ARM_GCC_541\Debug\Cm3Start.o .\CortexM3\ARM_GCC_541\Debug\usb-fatfs-flash-usbfs.a "C:\Program Files (x86)\Cypress\PSoC Creator\4.4\PSoC Creator\psoc\content\cycomponentlibrary\CyComponentLibrary.cylib\CortexM3\ARM_GCC_541\Debug\CyComponentLibrary.a" -mcpu=cortex-m3 -mthumb -L Generated_Source\PSoC5 -Wl,-Map,.\CortexM3\ARM_GCC_541\Debug/usb-fatfs-flash-usbfs.map -T Generated_Source\PSoC5\cm3gcc.ld -specs=nano.specs -Wl,--gc-sections -g -ffunction-sections -Og -ffat-lto-objects -Wl,--end-group
cyelftool.exe -C "C:\Users\linar\OneDrive\Documents\PSoC Creator\psocRandomWorkspace\usb-fatfs-flash-usbfs.cydsn\CortexM3\ARM_GCC_541\Debug\usb-fatfs-flash-usbfs.elf" --flash_row_size 256 --flash_size 131072 --flash_offset 0x00000000
No ELF section .cychecksum found, creating one
Application checksum calculated and stored in ELF section .cychecksum
Checksum calculated and stored in ELF section .cymeta
cyelftool.exe -S "C:\Users\linar\OneDrive\Documents\PSoC Creator\psocRandomWorkspace\usb-fatfs-flash-usbfs.cydsn\CortexM3\ARM_GCC_541\Debug\usb-fatfs-flash-usbfs.elf"
Flash used: 13286 of 131072 bytes (10.1%).
SRAM used: 3449 of 32768 bytes (10.5%). Stack: 2048 bytes. Heap: 128 bytes.
--------------- Build Succeeded: 06/11/2021 00:12:19 ---------------
