ARM GAS  C:\Users\linar\AppData\Local\Temp\cc0D2Num.s 			page 1


   1              		.syntax unified
   2              		.cpu cortex-m3
   3              		.fpu softvfp
   4              		.eabi_attribute 20, 1
   5              		.eabi_attribute 21, 1
   6              		.eabi_attribute 23, 3
   7              		.eabi_attribute 24, 1
   8              		.eabi_attribute 25, 1
   9              		.eabi_attribute 26, 1
  10              		.eabi_attribute 30, 1
  11              		.eabi_attribute 34, 1
  12              		.eabi_attribute 18, 4
  13              		.thumb
  14              		.syntax unified
  15              		.file	"USBFS_descr.c"
  16              		.text
  17              	.Ltext0:
  18              		.cfi_sections	.debug_frame
  19              		.global	USBFS_TABLE
  20              		.global	USBFS_DEVICE0_TABLE
  21              		.global	USBFS_DEVICE0_CONFIGURATION0_TABLE
  22              		.global	USBFS_DEVICE0_CONFIGURATION0_INTERFACE_CLASS
  23              		.global	USBFS_DEVICE0_CONFIGURATION0_EP_SETTINGS_TABLE
  24              		.global	USBFS_DEVICE0_CONFIGURATION0_DESCR
  25              		.global	USBFS_DEVICE0_DESCR
  26              		.section	.rodata
  27              		.align	2
  28              		.type	USBFS_TABLE, %object
  29              		.size	USBFS_TABLE, 8
  30              	USBFS_TABLE:
  31 0000 01       		.byte	1
  32 0001 000000   		.space	3
  33 0004 00000000 		.word	USBFS_DEVICE0_TABLE
  34              		.type	USBFS_DEVICE0_TABLE, %object
  35              		.size	USBFS_DEVICE0_TABLE, 24
  36              	USBFS_DEVICE0_TABLE:
  37 0008 01       		.byte	1
  38 0009 000000   		.space	3
  39 000c 00000000 		.word	USBFS_DEVICE0_DESCR
  40 0010 00       		.byte	0
  41 0011 000000   		.space	3
  42 0014 00000000 		.word	0
  43 0018 01       		.byte	1
  44 0019 000000   		.space	3
  45 001c 00000000 		.word	USBFS_DEVICE0_CONFIGURATION0_TABLE
  46              		.type	USBFS_DEVICE0_CONFIGURATION0_TABLE, %object
  47              		.size	USBFS_DEVICE0_CONFIGURATION0_TABLE, 32
  48              	USBFS_DEVICE0_CONFIGURATION0_TABLE:
  49 0020 01       		.byte	1
  50 0021 000000   		.space	3
  51 0024 00000000 		.word	USBFS_DEVICE0_CONFIGURATION0_DESCR
  52 0028 02       		.byte	2
  53 0029 000000   		.space	3
  54 002c 00000000 		.word	USBFS_DEVICE0_CONFIGURATION0_EP_SETTINGS_TABLE
  55 0030 00       		.byte	0
  56 0031 000000   		.space	3
  57 0034 00000000 		.word	0
ARM GAS  C:\Users\linar\AppData\Local\Temp\cc0D2Num.s 			page 2


  58 0038 00       		.byte	0
  59 0039 000000   		.space	3
  60 003c 00000000 		.word	USBFS_DEVICE0_CONFIGURATION0_INTERFACE_CLASS
  61              		.type	USBFS_DEVICE0_CONFIGURATION0_INTERFACE_CLASS, %object
  62              		.size	USBFS_DEVICE0_CONFIGURATION0_INTERFACE_CLASS, 1
  63              	USBFS_DEVICE0_CONFIGURATION0_INTERFACE_CLASS:
  64 0040 08       		.byte	8
  65 0041 000000   		.space	3
  66              		.type	USBFS_DEVICE0_CONFIGURATION0_EP_SETTINGS_TABLE, %object
  67              		.size	USBFS_DEVICE0_CONFIGURATION0_EP_SETTINGS_TABLE, 16
  68              	USBFS_DEVICE0_CONFIGURATION0_EP_SETTINGS_TABLE:
  69 0044 00       		.byte	0
  70 0045 00       		.byte	0
  71 0046 81       		.byte	-127
  72 0047 02       		.byte	2
  73 0048 4000     		.short	64
  74 004a 08       		.byte	8
  75 004b 00       		.space	1
  76 004c 00       		.byte	0
  77 004d 00       		.byte	0
  78 004e 02       		.byte	2
  79 004f 02       		.byte	2
  80 0050 4000     		.short	64
  81 0052 08       		.byte	8
  82 0053 00       		.space	1
  83              		.type	USBFS_DEVICE0_CONFIGURATION0_DESCR, %object
  84              		.size	USBFS_DEVICE0_CONFIGURATION0_DESCR, 32
  85              	USBFS_DEVICE0_CONFIGURATION0_DESCR:
  86 0054 09       		.byte	9
  87 0055 02       		.byte	2
  88 0056 20       		.byte	32
  89 0057 00       		.byte	0
  90 0058 01       		.byte	1
  91 0059 01       		.byte	1
  92 005a 00       		.byte	0
  93 005b 80       		.byte	-128
  94 005c 19       		.byte	25
  95 005d 09       		.byte	9
  96 005e 04       		.byte	4
  97 005f 00       		.byte	0
  98 0060 00       		.byte	0
  99 0061 02       		.byte	2
 100 0062 08       		.byte	8
 101 0063 06       		.byte	6
 102 0064 50       		.byte	80
 103 0065 00       		.byte	0
 104 0066 07       		.byte	7
 105 0067 05       		.byte	5
 106 0068 81       		.byte	-127
 107 0069 02       		.byte	2
 108 006a 40       		.byte	64
 109 006b 00       		.byte	0
 110 006c 00       		.byte	0
 111 006d 07       		.byte	7
 112 006e 05       		.byte	5
 113 006f 02       		.byte	2
 114 0070 02       		.byte	2
ARM GAS  C:\Users\linar\AppData\Local\Temp\cc0D2Num.s 			page 3


 115 0071 40       		.byte	64
 116 0072 00       		.byte	0
 117 0073 00       		.byte	0
 118              		.type	USBFS_DEVICE0_DESCR, %object
 119              		.size	USBFS_DEVICE0_DESCR, 18
 120              	USBFS_DEVICE0_DESCR:
 121 0074 12       		.byte	18
 122 0075 01       		.byte	1
 123 0076 00       		.byte	0
 124 0077 02       		.byte	2
 125 0078 00       		.byte	0
 126 0079 00       		.byte	0
 127 007a 00       		.byte	0
 128 007b 08       		.byte	8
 129 007c B4       		.byte	-76
 130 007d 04       		.byte	4
 131 007e 51       		.byte	81
 132 007f 80       		.byte	-128
 133 0080 00       		.byte	0
 134 0081 00       		.byte	0
 135 0082 00       		.byte	0
 136 0083 00       		.byte	0
 137 0084 00       		.byte	0
 138 0085 01       		.byte	1
 139              		.text
 140              	.Letext0:
 141              		.file 1 "Generated_Source\\PSoC5\\cytypes.h"
 142              		.file 2 "Generated_Source\\PSoC5\\USBFS.h"
 143              		.file 3 "Generated_Source\\PSoC5\\USBFS_descr.c"
 144              		.section	.debug_info,"",%progbits
 145              	.Ldebug_info0:
 146 0000 41020000 		.4byte	0x241
 147 0004 0400     		.2byte	0x4
 148 0006 00000000 		.4byte	.Ldebug_abbrev0
 149 000a 04       		.byte	0x4
 150 000b 01       		.uleb128 0x1
 151 000c 7F000000 		.4byte	.LASF32
 152 0010 0C       		.byte	0xc
 153 0011 EA010000 		.4byte	.LASF33
 154 0015 53020000 		.4byte	.LASF34
 155 0019 00000000 		.4byte	.Ldebug_line0
 156 001d 02       		.uleb128 0x2
 157 001e 01       		.byte	0x1
 158 001f 06       		.byte	0x6
 159 0020 F1020000 		.4byte	.LASF0
 160 0024 02       		.uleb128 0x2
 161 0025 01       		.byte	0x1
 162 0026 08       		.byte	0x8
 163 0027 71000000 		.4byte	.LASF1
 164 002b 02       		.uleb128 0x2
 165 002c 02       		.byte	0x2
 166 002d 05       		.byte	0x5
 167 002e BD020000 		.4byte	.LASF2
 168 0032 02       		.uleb128 0x2
 169 0033 02       		.byte	0x2
 170 0034 07       		.byte	0x7
 171 0035 4D000000 		.4byte	.LASF3
ARM GAS  C:\Users\linar\AppData\Local\Temp\cc0D2Num.s 			page 4


 172 0039 02       		.uleb128 0x2
 173 003a 04       		.byte	0x4
 174 003b 05       		.byte	0x5
 175 003c D7020000 		.4byte	.LASF4
 176 0040 02       		.uleb128 0x2
 177 0041 04       		.byte	0x4
 178 0042 07       		.byte	0x7
 179 0043 B4010000 		.4byte	.LASF5
 180 0047 02       		.uleb128 0x2
 181 0048 08       		.byte	0x8
 182 0049 05       		.byte	0x5
 183 004a 39020000 		.4byte	.LASF6
 184 004e 02       		.uleb128 0x2
 185 004f 08       		.byte	0x8
 186 0050 07       		.byte	0x7
 187 0051 D3010000 		.4byte	.LASF7
 188 0055 03       		.uleb128 0x3
 189 0056 04       		.byte	0x4
 190 0057 05       		.byte	0x5
 191 0058 696E7400 		.ascii	"int\000"
 192 005c 02       		.uleb128 0x2
 193 005d 04       		.byte	0x4
 194 005e 07       		.byte	0x7
 195 005f C6010000 		.4byte	.LASF8
 196 0063 04       		.uleb128 0x4
 197 0064 C7020000 		.4byte	.LASF9
 198 0068 01       		.byte	0x1
 199 0069 E801     		.2byte	0x1e8
 200 006b 24000000 		.4byte	0x24
 201 006f 04       		.uleb128 0x4
 202 0070 5B010000 		.4byte	.LASF10
 203 0074 01       		.byte	0x1
 204 0075 E901     		.2byte	0x1e9
 205 0077 32000000 		.4byte	0x32
 206 007b 02       		.uleb128 0x2
 207 007c 04       		.byte	0x4
 208 007d 04       		.byte	0x4
 209 007e 60000000 		.4byte	.LASF11
 210 0082 02       		.uleb128 0x2
 211 0083 08       		.byte	0x8
 212 0084 04       		.byte	0x4
 213 0085 54010000 		.4byte	.LASF12
 214 0089 02       		.uleb128 0x2
 215 008a 01       		.byte	0x1
 216 008b 08       		.byte	0x8
 217 008c E0020000 		.4byte	.LASF13
 218 0090 02       		.uleb128 0x2
 219 0091 08       		.byte	0x8
 220 0092 04       		.byte	0x4
 221 0093 E5020000 		.4byte	.LASF14
 222 0097 02       		.uleb128 0x2
 223 0098 04       		.byte	0x4
 224 0099 07       		.byte	0x7
 225 009a 30020000 		.4byte	.LASF15
 226 009e 05       		.uleb128 0x5
 227 009f 08       		.byte	0x8
 228 00a0 02       		.byte	0x2
ARM GAS  C:\Users\linar\AppData\Local\Temp\cc0D2Num.s 			page 5


 229 00a1 95       		.byte	0x95
 230 00a2 EF000000 		.4byte	0xef
 231 00a6 06       		.uleb128 0x6
 232 00a7 CD020000 		.4byte	.LASF16
 233 00ab 02       		.byte	0x2
 234 00ac 97       		.byte	0x97
 235 00ad 63000000 		.4byte	0x63
 236 00b1 00       		.byte	0
 237 00b2 06       		.uleb128 0x6
 238 00b3 66000000 		.4byte	.LASF17
 239 00b7 02       		.byte	0x2
 240 00b8 98       		.byte	0x98
 241 00b9 63000000 		.4byte	0x63
 242 00bd 01       		.byte	0x1
 243 00be 06       		.uleb128 0x6
 244 00bf 3B010000 		.4byte	.LASF18
 245 00c3 02       		.byte	0x2
 246 00c4 99       		.byte	0x99
 247 00c5 63000000 		.4byte	0x63
 248 00c9 02       		.byte	0x2
 249 00ca 06       		.uleb128 0x6
 250 00cb 0D010000 		.4byte	.LASF19
 251 00cf 02       		.byte	0x2
 252 00d0 9A       		.byte	0x9a
 253 00d1 63000000 		.4byte	0x63
 254 00d5 03       		.byte	0x3
 255 00d6 06       		.uleb128 0x6
 256 00d7 B2020000 		.4byte	.LASF20
 257 00db 02       		.byte	0x2
 258 00dc 9B       		.byte	0x9b
 259 00dd 6F000000 		.4byte	0x6f
 260 00e1 04       		.byte	0x4
 261 00e2 06       		.uleb128 0x6
 262 00e3 FD020000 		.4byte	.LASF21
 263 00e7 02       		.byte	0x2
 264 00e8 9C       		.byte	0x9c
 265 00e9 63000000 		.4byte	0x63
 266 00ed 06       		.byte	0x6
 267 00ee 00       		.byte	0
 268 00ef 07       		.uleb128 0x7
 269 00f0 16020000 		.4byte	.LASF22
 270 00f4 02       		.byte	0x2
 271 00f5 9D       		.byte	0x9d
 272 00f6 9E000000 		.4byte	0x9e
 273 00fa 05       		.uleb128 0x5
 274 00fb 08       		.byte	0x8
 275 00fc 02       		.byte	0x2
 276 00fd AC       		.byte	0xac
 277 00fe 19010000 		.4byte	0x119
 278 0102 08       		.uleb128 0x8
 279 0103 6300     		.ascii	"c\000"
 280 0105 02       		.byte	0x2
 281 0106 AE       		.byte	0xae
 282 0107 63000000 		.4byte	0x63
 283 010b 00       		.byte	0
 284 010c 06       		.uleb128 0x6
 285 010d 0F020000 		.4byte	.LASF23
ARM GAS  C:\Users\linar\AppData\Local\Temp\cc0D2Num.s 			page 6


 286 0111 02       		.byte	0x2
 287 0112 AF       		.byte	0xaf
 288 0113 19010000 		.4byte	0x119
 289 0117 04       		.byte	0x4
 290 0118 00       		.byte	0
 291 0119 09       		.uleb128 0x9
 292 011a 04       		.byte	0x4
 293 011b 1F010000 		.4byte	0x11f
 294 011f 0A       		.uleb128 0xa
 295 0120 07       		.uleb128 0x7
 296 0121 47020000 		.4byte	.LASF24
 297 0125 02       		.byte	0x2
 298 0126 B0       		.byte	0xb0
 299 0127 FA000000 		.4byte	0xfa
 300 012b 0B       		.uleb128 0xb
 301 012c 3B010000 		.4byte	0x13b
 302 0130 3B010000 		.4byte	0x13b
 303 0134 0C       		.uleb128 0xc
 304 0135 97000000 		.4byte	0x97
 305 0139 11       		.byte	0x11
 306 013a 00       		.byte	0
 307 013b 0D       		.uleb128 0xd
 308 013c 63000000 		.4byte	0x63
 309 0140 0E       		.uleb128 0xe
 310 0141 00000000 		.4byte	.LASF25
 311 0145 03       		.byte	0x3
 312 0146 24       		.byte	0x24
 313 0147 51010000 		.4byte	0x151
 314 014b 05       		.uleb128 0x5
 315 014c 03       		.byte	0x3
 316 014d 00000000 		.4byte	USBFS_DEVICE0_DESCR
 317 0151 0D       		.uleb128 0xd
 318 0152 2B010000 		.4byte	0x12b
 319 0156 0B       		.uleb128 0xb
 320 0157 3B010000 		.4byte	0x13b
 321 015b 66010000 		.4byte	0x166
 322 015f 0C       		.uleb128 0xc
 323 0160 97000000 		.4byte	0x97
 324 0164 1F       		.byte	0x1f
 325 0165 00       		.byte	0
 326 0166 0E       		.uleb128 0xe
 327 0167 91010000 		.4byte	.LASF26
 328 016b 03       		.byte	0x3
 329 016c 37       		.byte	0x37
 330 016d 77010000 		.4byte	0x177
 331 0171 05       		.uleb128 0x5
 332 0172 03       		.byte	0x3
 333 0173 00000000 		.4byte	USBFS_DEVICE0_CONFIGURATION0_DESCR
 334 0177 0D       		.uleb128 0xd
 335 0178 56010000 		.4byte	0x156
 336 017c 0B       		.uleb128 0xb
 337 017d 8C010000 		.4byte	0x18c
 338 0181 8C010000 		.4byte	0x18c
 339 0185 0C       		.uleb128 0xc
 340 0186 97000000 		.4byte	0x97
 341 018a 01       		.byte	0x1
 342 018b 00       		.byte	0
ARM GAS  C:\Users\linar\AppData\Local\Temp\cc0D2Num.s 			page 7


 343 018c 0D       		.uleb128 0xd
 344 018d EF000000 		.4byte	0xef
 345 0191 0E       		.uleb128 0xe
 346 0192 62010000 		.4byte	.LASF27
 347 0196 03       		.byte	0x3
 348 0197 6B       		.byte	0x6b
 349 0198 A2010000 		.4byte	0x1a2
 350 019c 05       		.uleb128 0x5
 351 019d 03       		.byte	0x3
 352 019e 00000000 		.4byte	USBFS_DEVICE0_CONFIGURATION0_EP_SETTINGS_TABLE
 353 01a2 0D       		.uleb128 0xd
 354 01a3 7C010000 		.4byte	0x17c
 355 01a7 0B       		.uleb128 0xb
 356 01a8 3B010000 		.4byte	0x13b
 357 01ac B7010000 		.4byte	0x1b7
 358 01b0 0C       		.uleb128 0xc
 359 01b1 97000000 		.4byte	0x97
 360 01b5 00       		.byte	0
 361 01b6 00       		.byte	0
 362 01b7 0E       		.uleb128 0xe
 363 01b8 14000000 		.4byte	.LASF28
 364 01bc 03       		.byte	0x3
 365 01bd 70       		.byte	0x70
 366 01be C8010000 		.4byte	0x1c8
 367 01c2 05       		.uleb128 0x5
 368 01c3 03       		.byte	0x3
 369 01c4 00000000 		.4byte	USBFS_DEVICE0_CONFIGURATION0_INTERFACE_CLASS
 370 01c8 0D       		.uleb128 0xd
 371 01c9 A7010000 		.4byte	0x1a7
 372 01cd 0B       		.uleb128 0xb
 373 01ce DD010000 		.4byte	0x1dd
 374 01d2 DD010000 		.4byte	0x1dd
 375 01d6 0C       		.uleb128 0xc
 376 01d7 97000000 		.4byte	0x97
 377 01db 03       		.byte	0x3
 378 01dc 00       		.byte	0
 379 01dd 0D       		.uleb128 0xd
 380 01de 20010000 		.4byte	0x120
 381 01e2 0E       		.uleb128 0xe
 382 01e3 18010000 		.4byte	.LASF29
 383 01e7 03       		.byte	0x3
 384 01e8 78       		.byte	0x78
 385 01e9 F3010000 		.4byte	0x1f3
 386 01ed 05       		.uleb128 0x5
 387 01ee 03       		.byte	0x3
 388 01ef 00000000 		.4byte	USBFS_DEVICE0_CONFIGURATION0_TABLE
 389 01f3 0D       		.uleb128 0xd
 390 01f4 CD010000 		.4byte	0x1cd
 391 01f8 0B       		.uleb128 0xb
 392 01f9 DD010000 		.4byte	0x1dd
 393 01fd 08020000 		.4byte	0x208
 394 0201 0C       		.uleb128 0xc
 395 0202 97000000 		.4byte	0x97
 396 0206 02       		.byte	0x2
 397 0207 00       		.byte	0
 398 0208 0E       		.uleb128 0xe
 399 0209 40010000 		.4byte	.LASF30
ARM GAS  C:\Users\linar\AppData\Local\Temp\cc0D2Num.s 			page 8


 400 020d 03       		.byte	0x3
 401 020e 82       		.byte	0x82
 402 020f 19020000 		.4byte	0x219
 403 0213 05       		.uleb128 0x5
 404 0214 03       		.byte	0x3
 405 0215 00000000 		.4byte	USBFS_DEVICE0_TABLE
 406 0219 0D       		.uleb128 0xd
 407 021a F8010000 		.4byte	0x1f8
 408 021e 0B       		.uleb128 0xb
 409 021f DD010000 		.4byte	0x1dd
 410 0223 2E020000 		.4byte	0x22e
 411 0227 0C       		.uleb128 0xc
 412 0228 97000000 		.4byte	0x97
 413 022c 00       		.byte	0
 414 022d 00       		.byte	0
 415 022e 0E       		.uleb128 0xe
 416 022f 41000000 		.4byte	.LASF31
 417 0233 03       		.byte	0x3
 418 0234 8A       		.byte	0x8a
 419 0235 3F020000 		.4byte	0x23f
 420 0239 05       		.uleb128 0x5
 421 023a 03       		.byte	0x3
 422 023b 00000000 		.4byte	USBFS_TABLE
 423 023f 0D       		.uleb128 0xd
 424 0240 1E020000 		.4byte	0x21e
 425 0244 00       		.byte	0
 426              		.section	.debug_abbrev,"",%progbits
 427              	.Ldebug_abbrev0:
 428 0000 01       		.uleb128 0x1
 429 0001 11       		.uleb128 0x11
 430 0002 01       		.byte	0x1
 431 0003 25       		.uleb128 0x25
 432 0004 0E       		.uleb128 0xe
 433 0005 13       		.uleb128 0x13
 434 0006 0B       		.uleb128 0xb
 435 0007 03       		.uleb128 0x3
 436 0008 0E       		.uleb128 0xe
 437 0009 1B       		.uleb128 0x1b
 438 000a 0E       		.uleb128 0xe
 439 000b 10       		.uleb128 0x10
 440 000c 17       		.uleb128 0x17
 441 000d 00       		.byte	0
 442 000e 00       		.byte	0
 443 000f 02       		.uleb128 0x2
 444 0010 24       		.uleb128 0x24
 445 0011 00       		.byte	0
 446 0012 0B       		.uleb128 0xb
 447 0013 0B       		.uleb128 0xb
 448 0014 3E       		.uleb128 0x3e
 449 0015 0B       		.uleb128 0xb
 450 0016 03       		.uleb128 0x3
 451 0017 0E       		.uleb128 0xe
 452 0018 00       		.byte	0
 453 0019 00       		.byte	0
 454 001a 03       		.uleb128 0x3
 455 001b 24       		.uleb128 0x24
 456 001c 00       		.byte	0
ARM GAS  C:\Users\linar\AppData\Local\Temp\cc0D2Num.s 			page 9


 457 001d 0B       		.uleb128 0xb
 458 001e 0B       		.uleb128 0xb
 459 001f 3E       		.uleb128 0x3e
 460 0020 0B       		.uleb128 0xb
 461 0021 03       		.uleb128 0x3
 462 0022 08       		.uleb128 0x8
 463 0023 00       		.byte	0
 464 0024 00       		.byte	0
 465 0025 04       		.uleb128 0x4
 466 0026 16       		.uleb128 0x16
 467 0027 00       		.byte	0
 468 0028 03       		.uleb128 0x3
 469 0029 0E       		.uleb128 0xe
 470 002a 3A       		.uleb128 0x3a
 471 002b 0B       		.uleb128 0xb
 472 002c 3B       		.uleb128 0x3b
 473 002d 05       		.uleb128 0x5
 474 002e 49       		.uleb128 0x49
 475 002f 13       		.uleb128 0x13
 476 0030 00       		.byte	0
 477 0031 00       		.byte	0
 478 0032 05       		.uleb128 0x5
 479 0033 13       		.uleb128 0x13
 480 0034 01       		.byte	0x1
 481 0035 0B       		.uleb128 0xb
 482 0036 0B       		.uleb128 0xb
 483 0037 3A       		.uleb128 0x3a
 484 0038 0B       		.uleb128 0xb
 485 0039 3B       		.uleb128 0x3b
 486 003a 0B       		.uleb128 0xb
 487 003b 01       		.uleb128 0x1
 488 003c 13       		.uleb128 0x13
 489 003d 00       		.byte	0
 490 003e 00       		.byte	0
 491 003f 06       		.uleb128 0x6
 492 0040 0D       		.uleb128 0xd
 493 0041 00       		.byte	0
 494 0042 03       		.uleb128 0x3
 495 0043 0E       		.uleb128 0xe
 496 0044 3A       		.uleb128 0x3a
 497 0045 0B       		.uleb128 0xb
 498 0046 3B       		.uleb128 0x3b
 499 0047 0B       		.uleb128 0xb
 500 0048 49       		.uleb128 0x49
 501 0049 13       		.uleb128 0x13
 502 004a 38       		.uleb128 0x38
 503 004b 0B       		.uleb128 0xb
 504 004c 00       		.byte	0
 505 004d 00       		.byte	0
 506 004e 07       		.uleb128 0x7
 507 004f 16       		.uleb128 0x16
 508 0050 00       		.byte	0
 509 0051 03       		.uleb128 0x3
 510 0052 0E       		.uleb128 0xe
 511 0053 3A       		.uleb128 0x3a
 512 0054 0B       		.uleb128 0xb
 513 0055 3B       		.uleb128 0x3b
ARM GAS  C:\Users\linar\AppData\Local\Temp\cc0D2Num.s 			page 10


 514 0056 0B       		.uleb128 0xb
 515 0057 49       		.uleb128 0x49
 516 0058 13       		.uleb128 0x13
 517 0059 00       		.byte	0
 518 005a 00       		.byte	0
 519 005b 08       		.uleb128 0x8
 520 005c 0D       		.uleb128 0xd
 521 005d 00       		.byte	0
 522 005e 03       		.uleb128 0x3
 523 005f 08       		.uleb128 0x8
 524 0060 3A       		.uleb128 0x3a
 525 0061 0B       		.uleb128 0xb
 526 0062 3B       		.uleb128 0x3b
 527 0063 0B       		.uleb128 0xb
 528 0064 49       		.uleb128 0x49
 529 0065 13       		.uleb128 0x13
 530 0066 38       		.uleb128 0x38
 531 0067 0B       		.uleb128 0xb
 532 0068 00       		.byte	0
 533 0069 00       		.byte	0
 534 006a 09       		.uleb128 0x9
 535 006b 0F       		.uleb128 0xf
 536 006c 00       		.byte	0
 537 006d 0B       		.uleb128 0xb
 538 006e 0B       		.uleb128 0xb
 539 006f 49       		.uleb128 0x49
 540 0070 13       		.uleb128 0x13
 541 0071 00       		.byte	0
 542 0072 00       		.byte	0
 543 0073 0A       		.uleb128 0xa
 544 0074 26       		.uleb128 0x26
 545 0075 00       		.byte	0
 546 0076 00       		.byte	0
 547 0077 00       		.byte	0
 548 0078 0B       		.uleb128 0xb
 549 0079 01       		.uleb128 0x1
 550 007a 01       		.byte	0x1
 551 007b 49       		.uleb128 0x49
 552 007c 13       		.uleb128 0x13
 553 007d 01       		.uleb128 0x1
 554 007e 13       		.uleb128 0x13
 555 007f 00       		.byte	0
 556 0080 00       		.byte	0
 557 0081 0C       		.uleb128 0xc
 558 0082 21       		.uleb128 0x21
 559 0083 00       		.byte	0
 560 0084 49       		.uleb128 0x49
 561 0085 13       		.uleb128 0x13
 562 0086 2F       		.uleb128 0x2f
 563 0087 0B       		.uleb128 0xb
 564 0088 00       		.byte	0
 565 0089 00       		.byte	0
 566 008a 0D       		.uleb128 0xd
 567 008b 26       		.uleb128 0x26
 568 008c 00       		.byte	0
 569 008d 49       		.uleb128 0x49
 570 008e 13       		.uleb128 0x13
ARM GAS  C:\Users\linar\AppData\Local\Temp\cc0D2Num.s 			page 11


 571 008f 00       		.byte	0
 572 0090 00       		.byte	0
 573 0091 0E       		.uleb128 0xe
 574 0092 34       		.uleb128 0x34
 575 0093 00       		.byte	0
 576 0094 03       		.uleb128 0x3
 577 0095 0E       		.uleb128 0xe
 578 0096 3A       		.uleb128 0x3a
 579 0097 0B       		.uleb128 0xb
 580 0098 3B       		.uleb128 0x3b
 581 0099 0B       		.uleb128 0xb
 582 009a 49       		.uleb128 0x49
 583 009b 13       		.uleb128 0x13
 584 009c 3F       		.uleb128 0x3f
 585 009d 19       		.uleb128 0x19
 586 009e 02       		.uleb128 0x2
 587 009f 18       		.uleb128 0x18
 588 00a0 00       		.byte	0
 589 00a1 00       		.byte	0
 590 00a2 00       		.byte	0
 591              		.section	.debug_aranges,"",%progbits
 592 0000 14000000 		.4byte	0x14
 593 0004 0200     		.2byte	0x2
 594 0006 00000000 		.4byte	.Ldebug_info0
 595 000a 04       		.byte	0x4
 596 000b 00       		.byte	0
 597 000c 0000     		.2byte	0
 598 000e 0000     		.2byte	0
 599 0010 00000000 		.4byte	0
 600 0014 00000000 		.4byte	0
 601              		.section	.debug_line,"",%progbits
 602              	.Ldebug_line0:
 603 0000 59000000 		.section	.debug_str,"MS",%progbits,1
 603      02005300 
 603      00000201 
 603      FB0E0D00 
 603      01010101 
 604              	.LASF25:
 605 0000 55534246 		.ascii	"USBFS_DEVICE0_DESCR\000"
 605      535F4445 
 605      56494345 
 605      305F4445 
 605      53435200 
 606              	.LASF28:
 607 0014 55534246 		.ascii	"USBFS_DEVICE0_CONFIGURATION0_INTERFACE_CLASS\000"
 607      535F4445 
 607      56494345 
 607      305F434F 
 607      4E464947 
 608              	.LASF31:
 609 0041 55534246 		.ascii	"USBFS_TABLE\000"
 609      535F5441 
 609      424C4500 
 610              	.LASF3:
 611 004d 73686F72 		.ascii	"short unsigned int\000"
 611      7420756E 
 611      7369676E 
ARM GAS  C:\Users\linar\AppData\Local\Temp\cc0D2Num.s 			page 12


 611      65642069 
 611      6E7400
 612              	.LASF11:
 613 0060 666C6F61 		.ascii	"float\000"
 613      7400
 614              	.LASF17:
 615 0066 616C7453 		.ascii	"altSetting\000"
 615      65747469 
 615      6E6700
 616              	.LASF1:
 617 0071 756E7369 		.ascii	"unsigned char\000"
 617      676E6564 
 617      20636861 
 617      7200
 618              	.LASF32:
 619 007f 474E5520 		.ascii	"GNU C11 5.4.1 20160609 (release) [ARM/embedded-5-br"
 619      43313120 
 619      352E342E 
 619      31203230 
 619      31363036 
 620 00b2 616E6368 		.ascii	"anch revision 237715] -mcpu=cortex-m3 -mthumb -g -O"
 620      20726576 
 620      6973696F 
 620      6E203233 
 620      37373135 
 621 00e5 67202D66 		.ascii	"g -ffunction-sections -ffat-lto-objects\000"
 621      66756E63 
 621      74696F6E 
 621      2D736563 
 621      74696F6E 
 622              	.LASF19:
 623 010d 61747472 		.ascii	"attributes\000"
 623      69627574 
 623      657300
 624              	.LASF29:
 625 0118 55534246 		.ascii	"USBFS_DEVICE0_CONFIGURATION0_TABLE\000"
 625      535F4445 
 625      56494345 
 625      305F434F 
 625      4E464947 
 626              	.LASF18:
 627 013b 61646472 		.ascii	"addr\000"
 627      00
 628              	.LASF30:
 629 0140 55534246 		.ascii	"USBFS_DEVICE0_TABLE\000"
 629      535F4445 
 629      56494345 
 629      305F5441 
 629      424C4500 
 630              	.LASF12:
 631 0154 646F7562 		.ascii	"double\000"
 631      6C6500
 632              	.LASF10:
 633 015b 75696E74 		.ascii	"uint16\000"
 633      313600
 634              	.LASF27:
 635 0162 55534246 		.ascii	"USBFS_DEVICE0_CONFIGURATION0_EP_SETTINGS_TABLE\000"
ARM GAS  C:\Users\linar\AppData\Local\Temp\cc0D2Num.s 			page 13


 635      535F4445 
 635      56494345 
 635      305F434F 
 635      4E464947 
 636              	.LASF26:
 637 0191 55534246 		.ascii	"USBFS_DEVICE0_CONFIGURATION0_DESCR\000"
 637      535F4445 
 637      56494345 
 637      305F434F 
 637      4E464947 
 638              	.LASF5:
 639 01b4 6C6F6E67 		.ascii	"long unsigned int\000"
 639      20756E73 
 639      69676E65 
 639      6420696E 
 639      7400
 640              	.LASF8:
 641 01c6 756E7369 		.ascii	"unsigned int\000"
 641      676E6564 
 641      20696E74 
 641      00
 642              	.LASF7:
 643 01d3 6C6F6E67 		.ascii	"long long unsigned int\000"
 643      206C6F6E 
 643      6720756E 
 643      7369676E 
 643      65642069 
 644              	.LASF33:
 645 01ea 47656E65 		.ascii	"Generated_Source\\PSoC5\\USBFS_descr.c\000"
 645      72617465 
 645      645F536F 
 645      75726365 
 645      5C50536F 
 646              	.LASF23:
 647 020f 705F6C69 		.ascii	"p_list\000"
 647      737400
 648              	.LASF22:
 649 0216 545F5553 		.ascii	"T_USBFS_EP_SETTINGS_BLOCK\000"
 649      4246535F 
 649      45505F53 
 649      45545449 
 649      4E47535F 
 650              	.LASF15:
 651 0230 73697A65 		.ascii	"sizetype\000"
 651      74797065 
 651      00
 652              	.LASF6:
 653 0239 6C6F6E67 		.ascii	"long long int\000"
 653      206C6F6E 
 653      6720696E 
 653      7400
 654              	.LASF24:
 655 0247 545F5553 		.ascii	"T_USBFS_LUT\000"
 655      4246535F 
 655      4C555400 
 656              	.LASF34:
 657 0253 433A5C55 		.ascii	"C:\\Users\\linar\\OneDrive\\Documents\\PSoC Creator"
ARM GAS  C:\Users\linar\AppData\Local\Temp\cc0D2Num.s 			page 14


 657      73657273 
 657      5C6C696E 
 657      61725C4F 
 657      6E654472 
 658 0281 5C70736F 		.ascii	"\\psocRandomWorkspace\\usb-fatfs-flash-usbfs.cydsn\000"
 658      6352616E 
 658      646F6D57 
 658      6F726B73 
 658      70616365 
 659              	.LASF20:
 660 02b2 62756666 		.ascii	"bufferSize\000"
 660      65725369 
 660      7A6500
 661              	.LASF2:
 662 02bd 73686F72 		.ascii	"short int\000"
 662      7420696E 
 662      7400
 663              	.LASF9:
 664 02c7 75696E74 		.ascii	"uint8\000"
 664      3800
 665              	.LASF16:
 666 02cd 696E7465 		.ascii	"interface\000"
 666      72666163 
 666      6500
 667              	.LASF4:
 668 02d7 6C6F6E67 		.ascii	"long int\000"
 668      20696E74 
 668      00
 669              	.LASF13:
 670 02e0 63686172 		.ascii	"char\000"
 670      00
 671              	.LASF14:
 672 02e5 6C6F6E67 		.ascii	"long double\000"
 672      20646F75 
 672      626C6500 
 673              	.LASF0:
 674 02f1 7369676E 		.ascii	"signed char\000"
 674      65642063 
 674      68617200 
 675              	.LASF21:
 676 02fd 624D6973 		.ascii	"bMisc\000"
 676      6300
 677              		.ident	"GCC: (GNU Tools for ARM Embedded Processors) 5.4.1 20160609 (release) [ARM/embedded-5-bran
